Using pre-set license
Built from '2020.3/staging' branch; Version is '2020.3.26f1 (7298b473bc1a) revision 7510196'; Using compiler version '192528614'; Build Type 'Release'
OS: 'Windows 10  (10.0.19044) 64bit Core' Language: 'fr' Physical Memory: 8134 MB
BatchMode: 1, IsHumanControllingUs: 0, StartBugReporterOnCrash: 0, Is64bit: 1, IsPro: 0

COMMAND LINE ARGUMENTS:
C:\Program Files\Unity\Hub\Editor\2020.3.26f1\Editor\Unity.exe
-adb2
-batchMode
-noUpm
-name
AssetImportWorker0
-projectPath
C:/Users/leade/Forgotten lands
-logFile
Logs/AssetImportWorker0.log
-srvPort
10154
Successfully changed project path to: C:/Users/leade/Forgotten lands
C:/Users/leade/Forgotten lands
Using Asset Import Pipeline V2.
Refreshing native plugins compatible for Editor in 85.24 ms, found 3 plugins.
Preloading 0 native plugins for Editor in 0.00 ms.
Initialize engine version: 2020.3.26f1 (7298b473bc1a)
[Subsystems] Discovering subsystems at path C:/Program Files/Unity/Hub/Editor/2020.3.26f1/Editor/Data/Resources/UnitySubsystems
[Subsystems] Discovering subsystems at path C:/Users/leade/Forgotten lands/Assets
GfxDevice: creating device client; threaded=0
Direct3D:
    Version:  Direct3D 11.0 [level 11.1]
    Renderer: NVIDIA GeForce GTX 1050 Ti (ID=0x1c82)
    Vendor:   
    VRAM:     4018 MB
    Driver:   30.0.14.9676
Initialize mono
Mono path[0] = 'C:/Program Files/Unity/Hub/Editor/2020.3.26f1/Editor/Data/Managed'
Mono path[1] = 'C:/Program Files/Unity/Hub/Editor/2020.3.26f1/Editor/Data/MonoBleedingEdge/lib/mono/unityjit'
Mono config path = 'C:/Program Files/Unity/Hub/Editor/2020.3.26f1/Editor/Data/MonoBleedingEdge/etc'
Using monoOptions --debugger-agent=transport=dt_socket,embedding=1,server=y,suspend=n,address=127.0.0.1:56340
Begin MonoManager ReloadAssembly
Registering precompiled unity dll's ...
Register platform support module: C:/Program Files/Unity/Hub/Editor/2020.3.26f1/Editor/Data/PlaybackEngines/WebGLSupport/UnityEditor.WebGL.Extensions.dll
Register platform support module: C:/Program Files/Unity/Hub/Editor/2020.3.26f1/Editor/Data/PlaybackEngines/WindowsStandaloneSupport/UnityEditor.WindowsStandalone.Extensions.dll
Registered in 0.003035 seconds.
Native extension for WindowsStandalone target not found
Native extension for WebGL target not found
Refreshing native plugins compatible for Editor in 112.29 ms, found 3 plugins.
Preloading 0 native plugins for Editor in 0.00 ms.
Mono: successfully reloaded assembly
- Completed reload, in  0.919 seconds
Domain Reload Profiling:
	ReloadAssembly (920ms)
		BeginReloadAssembly (122ms)
			ExecutionOrderSort (0ms)
			DisableScriptedObjects (0ms)
			BackupInstance (0ms)
			ReleaseScriptingObjects (0ms)
			CreateAndSetChildDomain (1ms)
		EndReloadAssembly (698ms)
			LoadAssemblies (119ms)
			RebuildTransferFunctionScriptingTraits (0ms)
			SetupTypeCache (190ms)
			ReleaseScriptCaches (0ms)
			RebuildScriptCaches (49ms)
			SetupLoadedEditorAssemblies (288ms)
				LogAssemblyErrors (0ms)
				InitializePlatformSupportModulesInManaged (8ms)
				SetLoadedEditorAssemblies (0ms)
				RefreshPlugins (112ms)
				BeforeProcessingInitializeOnLoad (22ms)
				ProcessInitializeOnLoadAttributes (109ms)
				ProcessInitializeOnLoadMethodAttributes (35ms)
				AfterProcessingInitializeOnLoad (0ms)
				EditorAssembliesLoaded (1ms)
			ExecutionOrderSort2 (0ms)
			AwakeInstancesAfterBackupRestoration (0ms)
Platform modules already initialized, skipping
Registering precompiled user dll's ...
Registered in 0.011909 seconds.
Begin MonoManager ReloadAssembly
Native extension for WindowsStandalone target not found
Native extension for WebGL target not found
Refreshing native plugins compatible for Editor in 92.59 ms, found 3 plugins.
Preloading 0 native plugins for Editor in 0.00 ms.
Mono: successfully reloaded assembly
- Completed reload, in  1.579 seconds
Domain Reload Profiling:
	ReloadAssembly (1580ms)
		BeginReloadAssembly (236ms)
			ExecutionOrderSort (0ms)
			DisableScriptedObjects (7ms)
			BackupInstance (0ms)
			ReleaseScriptingObjects (0ms)
			CreateAndSetChildDomain (33ms)
		EndReloadAssembly (1269ms)
			LoadAssemblies (116ms)
			RebuildTransferFunctionScriptingTraits (0ms)
			SetupTypeCache (397ms)
			ReleaseScriptCaches (1ms)
			RebuildScriptCaches (72ms)
			SetupLoadedEditorAssemblies (534ms)
				LogAssemblyErrors (0ms)
				InitializePlatformSupportModulesInManaged (6ms)
				SetLoadedEditorAssemblies (0ms)
				RefreshPlugins (93ms)
				BeforeProcessingInitializeOnLoad (124ms)
				ProcessInitializeOnLoadAttributes (281ms)
				ProcessInitializeOnLoadMethodAttributes (21ms)
				AfterProcessingInitializeOnLoad (9ms)
				EditorAssembliesLoaded (0ms)
			ExecutionOrderSort2 (0ms)
			AwakeInstancesAfterBackupRestoration (8ms)
Platform modules already initialized, skipping
========================================================================
Worker process is ready to serve import requests
Launched and connected shader compiler UnityShaderCompiler.exe after 0.14 seconds
Refreshing native plugins compatible for Editor in 1.03 ms, found 3 plugins.
Preloading 0 native plugins for Editor in 0.00 ms.
Unloading 2202 Unused Serialized files (Serialized files now loaded: 0)
System memory in use before: 98.5 MB.
System memory in use after: 98.6 MB.

Unloading 28 unused Assets to reduce memory usage. Loaded Objects now: 2636.
Total: 2.948400 ms (FindLiveObjects: 0.174900 ms CreateObjectMapping: 0.082200 ms MarkObjects: 2.627700 ms  DeleteObjects: 0.062500 ms)

AssetImportParameters requested are different than current active one (requested -> active):
  custom:framework-win-MediaFoundation: 216162199b28c13a410421893ffa2e32 -> 
  custom:video-decoder-ogg-theora: a1e56fd34408186e4bbccfd4996cb3dc -> 
  custom:container-muxer-webm: aa71ff27fc2769a1b78a27578f13a17b -> 
  custom:container-demuxer-webm: 4f35f7cbe854078d1ac9338744f61a02 -> 
  custom:container-demuxer-ogg: 62fdf1f143b41e24485cea50d1cbac27 -> 
  custom:video-encoder-webm-vp8: eb34c28f22e8b96e1ab97ce403110664 -> 
  custom:video-decoder-webm-vp8: 9c59270c3fd7afecdb556c50c9e8de78 -> 
  custom:audio-decoder-ogg-vorbis: bf7c407c2cedff20999df2af8eb42d56 -> 
  custom:audio-encoder-webm-vorbis: bf7c407c2cedff20999df2af8eb42d56 -> 
========================================================================
Received Import Request.
  path: Assets/Imports/2D Platformer Tileset/Sprites/Objects/Vegetations/mushroom_2.png
  artifactKey: Guid(21225a939e3a00248a550b3c4cce7186) Importer(815301076,1909f56bfc062723c751e8b465ee728b)
Start importing Assets/Imports/2D Platformer Tileset/Sprites/Objects/Vegetations/mushroom_2.png using Guid(21225a939e3a00248a550b3c4cce7186) Importer(815301076,1909f56bfc062723c751e8b465ee728b)  -> (artifact id: '8b8661d68200f763f19dc523ea08a45a') in 0.203614 seconds 
  Import took 0.209512 seconds .

========================================================================
Received Import Request.
  Time since last request: 0.000242 seconds.
  path: Assets/Imports/2D Platformer Tileset/Sprites/Objects/Vegetations/mushroom_3.png
  artifactKey: Guid(2cc7d5d29368aaf4496d739e14c670c6) Importer(815301076,1909f56bfc062723c751e8b465ee728b)
Start importing Assets/Imports/2D Platformer Tileset/Sprites/Objects/Vegetations/mushroom_3.png using Guid(2cc7d5d29368aaf4496d739e14c670c6) Importer(815301076,1909f56bfc062723c751e8b465ee728b)  -> (artifact id: 'd897edc0783505cfe9a92dd0068ab52e') in 0.025116 seconds 
  Import took 0.031149 seconds .

========================================================================
Received Prepare
Refreshing native plugins compatible for Editor in 7.20 ms, found 3 plugins.
Preloading 0 native plugins for Editor in 0.00 ms.
Unloading 15 Unused Serialized files (Serialized files now loaded: 0)
System memory in use before: 58.2 MB.
System memory in use after: 58.3 MB.

Unloading 15 unused Assets to reduce memory usage. Loaded Objects now: 2644.
Total: 3.634100 ms (FindLiveObjects: 0.161100 ms CreateObjectMapping: 0.085700 ms MarkObjects: 3.372500 ms  DeleteObjects: 0.013500 ms)

AssetImportParameters requested are different than current active one (requested -> active):
  custom:framework-win-MediaFoundation: 216162199b28c13a410421893ffa2e32 -> 
  custom:video-decoder-ogg-theora: a1e56fd34408186e4bbccfd4996cb3dc -> 
  custom:container-muxer-webm: aa71ff27fc2769a1b78a27578f13a17b -> 
  custom:container-demuxer-webm: 4f35f7cbe854078d1ac9338744f61a02 -> 
  custom:container-demuxer-ogg: 62fdf1f143b41e24485cea50d1cbac27 -> 
  custom:video-encoder-webm-vp8: eb34c28f22e8b96e1ab97ce403110664 -> 
  custom:video-decoder-webm-vp8: 9c59270c3fd7afecdb556c50c9e8de78 -> 
  custom:audio-decoder-ogg-vorbis: bf7c407c2cedff20999df2af8eb42d56 -> 
  custom:audio-encoder-webm-vorbis: bf7c407c2cedff20999df2af8eb42d56 -> 
========================================================================
Received Import Request.
  Time since last request: 190.673474 seconds.
  path: Assets/Imports/2D Platformer Tileset/Sprites/Main_Character/Player Spear/attack_1/player_spear_attack1_00.png
  artifactKey: Guid(517e4c68876c63b4b877335275c7238a) Importer(815301076,1909f56bfc062723c751e8b465ee728b)
Start importing Assets/Imports/2D Platformer Tileset/Sprites/Main_Character/Player Spear/attack_1/player_spear_attack1_00.png using Guid(517e4c68876c63b4b877335275c7238a) Importer(815301076,1909f56bfc062723c751e8b465ee728b)  -> (artifact id: '44ecdf7d6f156ac95038f8594fe3bd91') in 0.041354 seconds 
  Import took 0.051433 seconds .

========================================================================
Received Import Request.
  Time since last request: 0.000186 seconds.
  path: Assets/Imports/2D Platformer Tileset/Sprites/Main_Character/Player Spear/attack_1/player_spear_attack1_04.png
  artifactKey: Guid(76041d609c4cdeb4ab10db52bc14dd5f) Importer(815301076,1909f56bfc062723c751e8b465ee728b)
Start importing Assets/Imports/2D Platformer Tileset/Sprites/Main_Character/Player Spear/attack_1/player_spear_attack1_04.png using Guid(76041d609c4cdeb4ab10db52bc14dd5f) Importer(815301076,1909f56bfc062723c751e8b465ee728b)  -> (artifact id: '324c78c887214b0f8cf35c4098a68d32') in 0.032832 seconds 
  Import took 0.044810 seconds .

========================================================================
Received Import Request.
  Time since last request: 0.000570 seconds.
  path: Assets/Imports/2D Platformer Tileset/Sprites/Main_Character/Player Spear/attack_1/player_spear_attack1_03.png
  artifactKey: Guid(a5b978dd164dbd246b9d765318e209fc) Importer(815301076,1909f56bfc062723c751e8b465ee728b)
Start importing Assets/Imports/2D Platformer Tileset/Sprites/Main_Character/Player Spear/attack_1/player_spear_attack1_03.png using Guid(a5b978dd164dbd246b9d765318e209fc) Importer(815301076,1909f56bfc062723c751e8b465ee728b)  -> (artifact id: '4aad3113cee100b10d62295b29d0e2c3') in 0.045324 seconds 
  Import took 0.051768 seconds .

========================================================================
Received Import Request.
  Time since last request: 0.000258 seconds.
  path: Assets/Imports/2D Platformer Tileset/Sprites/Main_Character/Player Spear/attack_1/player_spear_attack1_01.png
  artifactKey: Guid(7929d2c69620da54bb2a429f971a5330) Importer(815301076,1909f56bfc062723c751e8b465ee728b)
Start importing Assets/Imports/2D Platformer Tileset/Sprites/Main_Character/Player Spear/attack_1/player_spear_attack1_01.png using Guid(7929d2c69620da54bb2a429f971a5330) Importer(815301076,1909f56bfc062723c751e8b465ee728b)  -> (artifact id: 'fb2308d02e8167c1b7bac02e1dc19302') in 0.028818 seconds 
  Import took 0.035707 seconds .

========================================================================
Received Import Request.
  Time since last request: 0.002595 seconds.
  path: Assets/Imports/2D Platformer Tileset/Sprites/Main_Character/Player Spear/attack_1/player_spear_attack1_02.png
  artifactKey: Guid(ad19a972ed471d44ca94d0c531a768f3) Importer(815301076,1909f56bfc062723c751e8b465ee728b)
Start importing Assets/Imports/2D Platformer Tileset/Sprites/Main_Character/Player Spear/attack_1/player_spear_attack1_02.png using Guid(ad19a972ed471d44ca94d0c531a768f3) Importer(815301076,1909f56bfc062723c751e8b465ee728b)  -> (artifact id: '96e83896a8e169f94773ffbded509582') in 0.053122 seconds 
  Import took 0.061306 seconds .

========================================================================
Received Import Request.
  Time since last request: 0.502330 seconds.
  path: Assets/Imports/2D Platformer Tileset/Sprites/Main_Character/Player Spear/attack_1/player_spear_attack1_05.png
  artifactKey: Guid(0e0825d939be26249bf9ee437db23e62) Importer(815301076,1909f56bfc062723c751e8b465ee728b)
Start importing Assets/Imports/2D Platformer Tileset/Sprites/Main_Character/Player Spear/attack_1/player_spear_attack1_05.png using Guid(0e0825d939be26249bf9ee437db23e62) Importer(815301076,1909f56bfc062723c751e8b465ee728b)  -> (artifact id: '3f2259715e74ffac2cb513fa442075ab') in 0.030175 seconds 
  Import took 0.037779 seconds .

========================================================================
Received Import Request.
  Time since last request: 0.000194 seconds.
  path: Assets/Imports/2D Platformer Tileset/Sprites/Main_Character/Player Spear/attack_1/player_spear_attack1_06.png
  artifactKey: Guid(d740ffba94c3e9949af19b6d6232f243) Importer(815301076,1909f56bfc062723c751e8b465ee728b)
Start importing Assets/Imports/2D Platformer Tileset/Sprites/Main_Character/Player Spear/attack_1/player_spear_attack1_06.png using Guid(d740ffba94c3e9949af19b6d6232f243) Importer(815301076,1909f56bfc062723c751e8b465ee728b)  -> (artifact id: '506e4555589ea032233e7703ee3d0826') in 0.021128 seconds 
  Import took 0.030614 seconds .

========================================================================
Received Import Request.
  Time since last request: 0.654472 seconds.
  path: Assets/Imports/2D Platformer Tileset/Sprites/Main_Character/Player Spear/attack_1/player_spear_attack1_07.png
  artifactKey: Guid(85422b45f4c826d42acc8dd5552db301) Importer(815301076,1909f56bfc062723c751e8b465ee728b)
Start importing Assets/Imports/2D Platformer Tileset/Sprites/Main_Character/Player Spear/attack_1/player_spear_attack1_07.png using Guid(85422b45f4c826d42acc8dd5552db301) Importer(815301076,1909f56bfc062723c751e8b465ee728b)  -> (artifact id: '5f9e86a05de8ff8e10afd37c27c7a382') in 0.017305 seconds 
  Import took 0.031578 seconds .

========================================================================
Received Import Request.
  Time since last request: 0.000638 seconds.
  path: Assets/Imports/2D Platformer Tileset/Sprites/Main_Character/Player Spear/attack_1/player_spear_attack1_08.png
  artifactKey: Guid(58c23b7eababd554b90e3583b06b6c8c) Importer(815301076,1909f56bfc062723c751e8b465ee728b)
Start importing Assets/Imports/2D Platformer Tileset/Sprites/Main_Character/Player Spear/attack_1/player_spear_attack1_08.png using Guid(58c23b7eababd554b90e3583b06b6c8c) Importer(815301076,1909f56bfc062723c751e8b465ee728b)  -> (artifact id: '3753f650df293458e7423b1686d60a88') in 0.026217 seconds 
  Import took 0.035338 seconds .

========================================================================
Received Import Request.
  Time since last request: 0.001991 seconds.
  path: Assets/Imports/2D Platformer Tileset/Sprites/Main_Character/Player Spear/attack_1/player_spear_attack1_09.png
  artifactKey: Guid(1d8d9184f9dea994186206a9fb2363b6) Importer(815301076,1909f56bfc062723c751e8b465ee728b)
Start importing Assets/Imports/2D Platformer Tileset/Sprites/Main_Character/Player Spear/attack_1/player_spear_attack1_09.png using Guid(1d8d9184f9dea994186206a9fb2363b6) Importer(815301076,1909f56bfc062723c751e8b465ee728b)  -> (artifact id: '4696dee5fb93f0c6ac11739bbc9c8af5') in 0.023756 seconds 
  Import took 0.031499 seconds .

========================================================================
Received Import Request.
  Time since last request: 0.545352 seconds.
  path: Assets/Imports/2D Platformer Tileset/Sprites/Main_Character/Player Spear/attack_1/player_spear_attack1_10.png
  artifactKey: Guid(b64d077567057a44480694c4e858639a) Importer(815301076,1909f56bfc062723c751e8b465ee728b)
Start importing Assets/Imports/2D Platformer Tileset/Sprites/Main_Character/Player Spear/attack_1/player_spear_attack1_10.png using Guid(b64d077567057a44480694c4e858639a) Importer(815301076,1909f56bfc062723c751e8b465ee728b)  -> (artifact id: 'a2acc0a9cbc95555ce89e5171b553756') in 0.033840 seconds 
  Import took 0.041377 seconds .

========================================================================
Received Import Request.
  Time since last request: 5.385967 seconds.
  path: Assets/Imports/2D Platformer Tileset/Sprites/Main_Character/Player Spear/attack_2/player_spear_attack2_0.png
  artifactKey: Guid(565052759c1d4b745a8bc77b3b9a8d73) Importer(815301076,1909f56bfc062723c751e8b465ee728b)
Start importing Assets/Imports/2D Platformer Tileset/Sprites/Main_Character/Player Spear/attack_2/player_spear_attack2_0.png using Guid(565052759c1d4b745a8bc77b3b9a8d73) Importer(815301076,1909f56bfc062723c751e8b465ee728b)  -> (artifact id: 'fc635b032807c8ba976ecd6b58671f2f') in 0.034306 seconds 
  Import took 0.045467 seconds .

========================================================================
Received Import Request.
  Time since last request: 0.000363 seconds.
  path: Assets/Imports/2D Platformer Tileset/Sprites/Main_Character/Player Spear/attack_2/player_spear_attack2_1.png
  artifactKey: Guid(17723494346fb8e4f83383c4bd4d8532) Importer(815301076,1909f56bfc062723c751e8b465ee728b)
Start importing Assets/Imports/2D Platformer Tileset/Sprites/Main_Character/Player Spear/attack_2/player_spear_attack2_1.png using Guid(17723494346fb8e4f83383c4bd4d8532) Importer(815301076,1909f56bfc062723c751e8b465ee728b)  -> (artifact id: 'fa9b0e7a0f481f4f6aafc6d673e8bf2c') in 0.031491 seconds 
  Import took 0.037412 seconds .

========================================================================
Received Import Request.
  Time since last request: 0.674687 seconds.
  path: Assets/Imports/2D Platformer Tileset/Sprites/Main_Character/Player Spear/attack_2/player_spear_attack2_7.png
  artifactKey: Guid(764c53e6b726d784a994287d5bbc74fa) Importer(815301076,1909f56bfc062723c751e8b465ee728b)
Start importing Assets/Imports/2D Platformer Tileset/Sprites/Main_Character/Player Spear/attack_2/player_spear_attack2_7.png using Guid(764c53e6b726d784a994287d5bbc74fa) Importer(815301076,1909f56bfc062723c751e8b465ee728b)  -> (artifact id: '7b8cbe9281b205093c227ce5883d6475') in 0.016132 seconds 
  Import took 0.022622 seconds .

AssetImportWorkerClient::OnTransportError - code=2 error=End of file
